<?xml version="1.0" encoding="UTF-8"?>
<!-- Generated by org.testng.reporters.JUnitXMLReporter -->
<testsuite ignored="0" hostname="LAPTOP-9JP3EIJ7" failures="2" tests="3" name="Default test" time="16.773" errors="0" timestamp="2022-12-03T21:28:50 IST">
  <testcase classname="io.cucumber.testng.AbstractTestNGCucumberTests" name="runScenario" time="13.388"/>
  <testcase classname="io.cucumber.testng.AbstractTestNGCucumberTests" name="runScenario" time="14.242">
    <failure type="java.lang.AssertionError" message="lists don&amp;apos;t have the same size expected [4] but found [3]">
      <![CDATA[java.lang.AssertionError: lists don't have the same size expected [4] but found [3]
at org.testng.Assert.fail(Assert.java:110)
at org.testng.Assert.failNotEquals(Assert.java:1413)
at org.testng.Assert.assertEqualsImpl(Assert.java:149)
at org.testng.Assert.assertEquals(Assert.java:131)
at org.testng.Assert.assertEquals(Assert.java:1240)
at org.testng.Assert.assertEquals(Assert.java:1465)
at org.testng.Assert.assertEquals(Assert.java:1441)
at stepDef.TopDealPageStepDef.he_is_able_to_see_options(TopDealPageStepDef.java:39)
at ✽.he is able to see options(file:///C:/Users/Pooja/eclipse-workspace/cucumberProject/src/test/resources/feature/TopDealPageFunctionality.feature:10)
]]>
    </failure>
  </testcase> <!-- runScenario -->
  <testcase classname="io.cucumber.testng.AbstractTestNGCucumberTests" name="runScenario" time="15.541">
    <failure type="java.lang.AssertionError" message="null">
      <![CDATA[java.lang.AssertionError: null
at org.testng.Assert.fail(Assert.java:110)
at org.testng.Assert.fail(Assert.java:115)
at com.automation.pageObjects.LandingPage.verifyImagesLinksAreNotBrokenOnHomepage(LandingPage.java:51)
at stepDef.LandingPageStepDef.product_images_are_not_broken(LandingPageStepDef.java:33)
at ✽.product images are not broken(file:///C:/Users/Pooja/eclipse-workspace/cucumberProject/src/test/resources/feature/HomePage.feature:7)
]]>
    </failure>
  </testcase> <!-- runScenario -->
</testsuite> <!-- Default test -->
