<?xml version="1.0" encoding="UTF-8"?>
<testng-results ignored="0" total="3" passed="3" failed="0" skipped="0">
  <reporter-output>
  </reporter-output>
  <suite started-at="2022-12-03T23:03:28 IST" name="runner.TestRunner" finished-at="2022-12-03T23:04:27 IST" duration-ms="58779">
    <groups>
      <group name="cucumber">
        <method signature="AbstractTestNGCucumberTests.runScenario(io.cucumber.testng.PickleWrapper,io.cucumber.testng.FeatureWrapper)[pri:0, instance:runner.TestRunner@865dd6]" name="runScenario" class="io.cucumber.testng.AbstractTestNGCucumberTests"/>
      </group> <!-- cucumber -->
    </groups>
    <test started-at="2022-12-03T23:03:28 IST" name="Command line test" finished-at="2022-12-03T23:04:27 IST" duration-ms="58779">
      <class name="runner.TestRunner">
        <test-method is-config="true" signature="setUpClass(org.testng.ITestContext)[pri:0, instance:runner.TestRunner@865dd6]" started-at="2022-12-03T23:03:28 IST" name="setUpClass" finished-at="2022-12-03T23:03:29 IST" duration-ms="908" status="PASS">
          <params>
            <param index="0">
              <value>
                <![CDATA[org.testng.TestRunner@37191ef0]]>
              </value>
            </param>
          </params>
          <reporter-output>
          </reporter-output>
        </test-method> <!-- setUpClass -->
        <test-method signature="runScenario(io.cucumber.testng.PickleWrapper,io.cucumber.testng.FeatureWrapper)[pri:0, instance:runner.TestRunner@865dd6]" started-at="2022-12-03T23:03:29 IST" name="runScenario" description="Runs Cucumber Scenarios" data-provider="scenarios" finished-at="2022-12-03T23:04:18 IST" duration-ms="48882" status="PASS">
          <params>
            <param index="0">
              <value>
                <![CDATA["verify the page size dropdown"]]>
              </value>
            </param>
            <param index="1">
              <value>
                <![CDATA["Top Deal page functionality"]]>
              </value>
            </param>
          </params>
          <reporter-output>
          </reporter-output>
        </test-method> <!-- runScenario -->
        <test-method signature="runScenario(io.cucumber.testng.PickleWrapper,io.cucumber.testng.FeatureWrapper)[pri:0, instance:runner.TestRunner@865dd6]" started-at="2022-12-03T23:03:29 IST" name="runScenario" description="Runs Cucumber Scenarios" data-provider="scenarios" finished-at="2022-12-03T23:04:26 IST" duration-ms="57460" status="PASS">
          <params>
            <param index="0">
              <value>
                <![CDATA["verify product images are not broken on the hompage"]]>
              </value>
            </param>
            <param index="1">
              <value>
                <![CDATA["Homepage functionality"]]>
              </value>
            </param>
          </params>
          <reporter-output>
          </reporter-output>
        </test-method> <!-- runScenario -->
        <test-method signature="runScenario(io.cucumber.testng.PickleWrapper,io.cucumber.testng.FeatureWrapper)[pri:0, instance:runner.TestRunner@865dd6]" started-at="2022-12-03T23:03:29 IST" name="runScenario" description="Runs Cucumber Scenarios" data-provider="scenarios" finished-at="2022-12-03T23:04:01 IST" duration-ms="32384" status="PASS">
          <params>
            <param index="0">
              <value>
                <![CDATA["verify products displayed in table are equal to or less than the pagesize selected"]]>
              </value>
            </param>
            <param index="1">
              <value>
                <![CDATA["Top Deal page functionality"]]>
              </value>
            </param>
          </params>
          <reporter-output>
          </reporter-output>
        </test-method> <!-- runScenario -->
        <test-method is-config="true" signature="tearDownClass()[pri:0, instance:runner.TestRunner@865dd6]" started-at="2022-12-03T23:04:26 IST" name="tearDownClass" finished-at="2022-12-03T23:04:27 IST" duration-ms="361" status="PASS">
          <reporter-output>
          </reporter-output>
        </test-method> <!-- tearDownClass -->
      </class> <!-- runner.TestRunner -->
    </test> <!-- Command line test -->
  </suite> <!-- runner.TestRunner -->
</testng-results>
